  [1m[35m (0.1ms)[0m  [1m[34mSELECT sqlite_version(*)[0m
  [1m[35m (3.0ms)[0m  [1m[35mCREATE TABLE "schema_migrations" ("version" varchar NOT NULL PRIMARY KEY)[0m
  [1m[35m (3.0ms)[0m  [1m[35mCREATE TABLE "ar_internal_metadata" ("key" varchar NOT NULL PRIMARY KEY, "value" varchar, "created_at" datetime NOT NULL, "updated_at" datetime NOT NULL)[0m
  [1m[35m (0.2ms)[0m  [1m[34mSELECT "schema_migrations"."version" FROM "schema_migrations" ORDER BY "schema_migrations"."version" ASC[0m
Migrating to CreateBooks (20170712160722)
  [1m[35m (0.0ms)[0m  [1m[36mbegin transaction[0m
  [1m[35m (0.4ms)[0m  [1m[35mCREATE TABLE "books" ("id" INTEGER PRIMARY KEY AUTOINCREMENT NOT NULL, "created_at" datetime NOT NULL, "updated_at" datetime NOT NULL)[0m
  [1m[35mSQL (0.2ms)[0m  [1m[32mINSERT INTO "schema_migrations" ("version") VALUES (?)[0m  [["version", "20170712160722"]]
  [1m[35m (2.6ms)[0m  [1m[36mcommit transaction[0m
  [1m[36mActiveRecord::InternalMetadata Load (0.2ms)[0m  [1m[34mSELECT  "ar_internal_metadata".* FROM "ar_internal_metadata" WHERE "ar_internal_metadata"."key" = ? LIMIT ?[0m  [["key", "environment"], ["LIMIT", 1]]
  [1m[35m (0.1ms)[0m  [1m[36mbegin transaction[0m
  [1m[35mSQL (0.3ms)[0m  [1m[32mINSERT INTO "ar_internal_metadata" ("key", "value", "created_at", "updated_at") VALUES (?, ?, ?, ?)[0m  [["key", "environment"], ["value", "development"], ["created_at", "2017-07-12 16:09:08.572079"], ["updated_at", "2017-07-12 16:09:08.572079"]]
  [1m[35m (2.6ms)[0m  [1m[36mcommit transaction[0m
  [1m[35m (0.1ms)[0m  [1m[34mSELECT "schema_migrations"."version" FROM "schema_migrations" ORDER BY "schema_migrations"."version" ASC[0m
  [1m[35m (0.1ms)[0m  [1m[34mSELECT "schema_migrations"."version" FROM "schema_migrations" ORDER BY "schema_migrations"."version" ASC[0m
Migrating to CreateBooks (20170712162727)
  [1m[35m (0.0ms)[0m  [1m[36mbegin transaction[0m
  [1m[35m (0.1ms)[0m  [1m[34mSELECT sqlite_version(*)[0m
  [1m[35m (0.3ms)[0m  [1m[35mCREATE TABLE "books" ("id" INTEGER PRIMARY KEY AUTOINCREMENT NOT NULL, "title" varchar, "author" varchar, "isbn" integer, "created_at" datetime NOT NULL, "updated_at" datetime NOT NULL)[0m
  [1m[35m (0.0ms)[0m  [1m[31mrollback transaction[0m
  [1m[35m (0.2ms)[0m  [1m[34mSELECT "schema_migrations"."version" FROM "schema_migrations" ORDER BY "schema_migrations"."version" ASC[0m
  [1m[35m (0.2ms)[0m  [1m[34mSELECT "ar_internal_metadata"."value" FROM "ar_internal_metadata" WHERE "ar_internal_metadata"."key" = ?[0m  [["key", "environment"]]
  [1m[35m (0.2ms)[0m  [1m[34mSELECT "schema_migrations"."version" FROM "schema_migrations" ORDER BY "schema_migrations"."version" ASC[0m
  [1m[35m (0.1ms)[0m  [1m[34mSELECT "ar_internal_metadata"."value" FROM "ar_internal_metadata" WHERE "ar_internal_metadata"."key" = ?[0m  [["key", "environment"]]
  [1m[35m (0.1ms)[0m  [1m[34mSELECT "schema_migrations"."version" FROM "schema_migrations" ORDER BY "schema_migrations"."version" ASC[0m
  [1m[35m (0.1ms)[0m  [1m[34mSELECT "ar_internal_metadata"."value" FROM "ar_internal_metadata" WHERE "ar_internal_metadata"."key" = ?[0m  [["key", "environment"]]
  [1m[35m (0.2ms)[0m  [1m[34mSELECT sqlite_version(*)[0m
  [1m[35m (3.2ms)[0m  [1m[35mCREATE TABLE "schema_migrations" ("version" varchar NOT NULL PRIMARY KEY)[0m
  [1m[35m (3.1ms)[0m  [1m[35mCREATE TABLE "ar_internal_metadata" ("key" varchar NOT NULL PRIMARY KEY, "value" varchar, "created_at" datetime NOT NULL, "updated_at" datetime NOT NULL)[0m
  [1m[35m (0.2ms)[0m  [1m[34mSELECT "schema_migrations"."version" FROM "schema_migrations" ORDER BY "schema_migrations"."version" ASC[0m
Migrating to CreateBooks (20170712162727)
  [1m[35m (0.1ms)[0m  [1m[36mbegin transaction[0m
  [1m[35m (0.4ms)[0m  [1m[35mCREATE TABLE "books" ("id" INTEGER PRIMARY KEY AUTOINCREMENT NOT NULL, "title" varchar, "author" varchar, "isbn" integer, "created_at" datetime NOT NULL, "updated_at" datetime NOT NULL)[0m
  [1m[35mSQL (0.2ms)[0m  [1m[32mINSERT INTO "schema_migrations" ("version") VALUES (?)[0m  [["version", "20170712162727"]]
  [1m[35m (2.8ms)[0m  [1m[36mcommit transaction[0m
  [1m[36mActiveRecord::InternalMetadata Load (0.2ms)[0m  [1m[34mSELECT  "ar_internal_metadata".* FROM "ar_internal_metadata" WHERE "ar_internal_metadata"."key" = ? LIMIT ?[0m  [["key", "environment"], ["LIMIT", 1]]
  [1m[35m (0.1ms)[0m  [1m[36mbegin transaction[0m
  [1m[35mSQL (0.3ms)[0m  [1m[32mINSERT INTO "ar_internal_metadata" ("key", "value", "created_at", "updated_at") VALUES (?, ?, ?, ?)[0m  [["key", "environment"], ["value", "development"], ["created_at", "2017-07-12 16:48:00.029986"], ["updated_at", "2017-07-12 16:48:00.029986"]]
  [1m[35m (2.5ms)[0m  [1m[36mcommit transaction[0m
  [1m[35m (0.1ms)[0m  [1m[34mSELECT "schema_migrations"."version" FROM "schema_migrations" ORDER BY "schema_migrations"."version" ASC[0m
  [1m[35m (0.2ms)[0m  [1m[34mSELECT "schema_migrations"."version" FROM "schema_migrations" ORDER BY "schema_migrations"."version" ASC[0m
  [1m[35m (0.2ms)[0m  [1m[34mSELECT "ar_internal_metadata"."value" FROM "ar_internal_metadata" WHERE "ar_internal_metadata"."key" = ?[0m  [["key", "environment"]]
  [1m[35m (0.1ms)[0m  [1m[34mSELECT "schema_migrations"."version" FROM "schema_migrations" ORDER BY "schema_migrations"."version" ASC[0m
  [1m[35m (0.1ms)[0m  [1m[34mSELECT "ar_internal_metadata"."value" FROM "ar_internal_metadata" WHERE "ar_internal_metadata"."key" = ?[0m  [["key", "environment"]]
  [1m[35m (0.1ms)[0m  [1m[34mSELECT "schema_migrations"."version" FROM "schema_migrations" ORDER BY "schema_migrations"."version" ASC[0m
  [1m[35m (0.1ms)[0m  [1m[34mSELECT "ar_internal_metadata"."value" FROM "ar_internal_metadata" WHERE "ar_internal_metadata"."key" = ?[0m  [["key", "environment"]]
  [1m[35m (0.1ms)[0m  [1m[34mSELECT sqlite_version(*)[0m
  [1m[35m (2.5ms)[0m  [1m[35mCREATE TABLE "schema_migrations" ("version" varchar NOT NULL PRIMARY KEY)[0m
  [1m[35m (3.7ms)[0m  [1m[35mCREATE TABLE "ar_internal_metadata" ("key" varchar NOT NULL PRIMARY KEY, "value" varchar, "created_at" datetime NOT NULL, "updated_at" datetime NOT NULL)[0m
  [1m[35m (0.2ms)[0m  [1m[34mSELECT "schema_migrations"."version" FROM "schema_migrations" ORDER BY "schema_migrations"."version" ASC[0m
Migrating to CreateBooks (20170712162727)
  [1m[35m (0.1ms)[0m  [1m[36mbegin transaction[0m
  [1m[35m (0.6ms)[0m  [1m[35mCREATE TABLE "books" ("id" INTEGER PRIMARY KEY AUTOINCREMENT NOT NULL, "title" varchar, "author" varchar, "isbn" integer, "created_at" datetime NOT NULL, "updated_at" datetime NOT NULL)[0m
  [1m[35mSQL (0.2ms)[0m  [1m[32mINSERT INTO "schema_migrations" ("version") VALUES (?)[0m  [["version", "20170712162727"]]
  [1m[35m (2.3ms)[0m  [1m[36mcommit transaction[0m
  [1m[36mActiveRecord::InternalMetadata Load (0.2ms)[0m  [1m[34mSELECT  "ar_internal_metadata".* FROM "ar_internal_metadata" WHERE "ar_internal_metadata"."key" = ? LIMIT ?[0m  [["key", "environment"], ["LIMIT", 1]]
  [1m[35m (0.1ms)[0m  [1m[36mbegin transaction[0m
  [1m[35mSQL (0.3ms)[0m  [1m[32mINSERT INTO "ar_internal_metadata" ("key", "value", "created_at", "updated_at") VALUES (?, ?, ?, ?)[0m  [["key", "environment"], ["value", "development"], ["created_at", "2017-07-12 16:53:11.019891"], ["updated_at", "2017-07-12 16:53:11.019891"]]
  [1m[35m (5.2ms)[0m  [1m[36mcommit transaction[0m
  [1m[35m (0.1ms)[0m  [1m[34mSELECT "schema_migrations"."version" FROM "schema_migrations" ORDER BY "schema_migrations"."version" ASC[0m
  [1m[35m (0.1ms)[0m  [1m[34mSELECT "schema_migrations"."version" FROM "schema_migrations" ORDER BY "schema_migrations"."version" ASC[0m
  [1m[35m (0.1ms)[0m  [1m[36mbegin transaction[0m
  [1m[35mSQL (0.3ms)[0m  [1m[32mINSERT INTO "books" ("title", "author", "isbn", "created_at", "updated_at") VALUES (?, ?, ?, ?, ?)[0m  [["title", "BFG"], ["author", "Roald Dahl "], ["isbn", 8668686], ["created_at", "2017-07-12 16:53:11.045608"], ["updated_at", "2017-07-12 16:53:11.045608"]]
  [1m[35m (2.5ms)[0m  [1m[36mcommit transaction[0m
Started GET "/" for 127.0.0.1 at 2017-07-12 18:18:53 +0100
  [1m[35m (0.2ms)[0m  [1m[34mSELECT "schema_migrations"."version" FROM "schema_migrations" ORDER BY "schema_migrations"."version" ASC[0m
Processing by Rails::WelcomeController#index as HTML
  Rendering /Users/Tech-A21/.rbenv/versions/2.4.1/lib/ruby/gems/2.4.0/gems/railties-5.1.2/lib/rails/templates/rails/welcome/index.html.erb
  Rendered /Users/Tech-A21/.rbenv/versions/2.4.1/lib/ruby/gems/2.4.0/gems/railties-5.1.2/lib/rails/templates/rails/welcome/index.html.erb (3.7ms)
Completed 200 OK in 19ms (Views: 8.1ms | ActiveRecord: 0.0ms)


Started GET "/books" for 127.0.0.1 at 2017-07-12 18:18:59 +0100
Processing by BooksController#index as HTML
Completed 500 Internal Server Error in 159ms (ActiveRecord: 0.0ms)


  
NameError (undefined local variable or method `books' for #<BooksController:0x007fe1d4a80a08>
Did you mean?  @books):
  
app/controllers/books_controller.rb:7:in `index'
Started GET "/books" for 127.0.0.1 at 2017-07-12 18:19:29 +0100
Processing by BooksController#index as HTML
  [1m[36mBook Load (0.1ms)[0m  [1m[34mSELECT "books".* FROM "books"[0m
  Rendering books/index.html.erb within layouts/application
  Rendered books/index.html.erb within layouts/application (214.1ms)
Completed 500 Internal Server Error in 246ms (ActiveRecord: 0.8ms)


  
ActionView::Template::Error (undefined local variable or method `books' for #<#<Class:0x007fe1d801a768>:0x007fe1d8018440>
Did you mean?  book
               @books):
    1: <h1> Index <h1>
    2: 
    3: <% @books.each do |book| %>
    4: 	<p><% books.title %></p>
    5: 	<p><% books.author %></p>
    6: 	<p><% books.isbn %></p>
    7: 
  
app/views/books/index.html.erb:4:in `block in _app_views_books_index_html_erb__1725379454836487358_70303984179580'
app/views/books/index.html.erb:3:in `each'
app/views/books/index.html.erb:3:in `_app_views_books_index_html_erb__1725379454836487358_70303984179580'
Started GET "/books" for 127.0.0.1 at 2017-07-12 18:20:56 +0100
Processing by BooksController#index as HTML
  [1m[36mBook Load (0.3ms)[0m  [1m[34mSELECT "books".* FROM "books"[0m
  Rendering books/index.html.erb within layouts/application
  Rendered books/index.html.erb within layouts/application (3.9ms)
Completed 500 Internal Server Error in 14ms (ActiveRecord: 0.3ms)


  
ActionView::Template::Error (undefined method `title' for "BFG":String
Did you mean?  titleize):
    1: <h1> Index <h1>
    2: 
    3: <% @books.each do |book| %>
    4: 	<p><% book.title %></p>
    5: 	<p><% book.author %></p>
    6: 	<p><% book.isbn %></p>
    7: 
  
app/views/books/index.html.erb:4:in `block in _app_views_books_index_html_erb__1725379454836487358_70303977202000'
app/views/books/index.html.erb:3:in `each'
app/views/books/index.html.erb:3:in `_app_views_books_index_html_erb__1725379454836487358_70303977202000'
Started GET "/books" for 127.0.0.1 at 2017-07-12 18:23:02 +0100
Processing by BooksController#index as HTML
  [1m[36mBook Load (0.2ms)[0m  [1m[34mSELECT "books".* FROM "books"[0m
  Rendering books/index.html.erb within layouts/application
  Rendered books/index.html.erb within layouts/application (4.0ms)
Completed 500 Internal Server Error in 10ms (ActiveRecord: 0.2ms)


  
ActionView::Template::Error (undefined method `title' for "BFG":String
Did you mean?  titleize):
    1: <h1> Index <h1>
    2: 
    3: <% @books.each do |book| %>
    4: 	<p><%= book.title %></p>
    5: 	<p><%= book.author %></p>
    6: 	<p><%= book.isbn %></p>
    7: 
  
app/views/books/index.html.erb:4:in `block in _app_views_books_index_html_erb__1725379454836487358_70303953429020'
app/views/books/index.html.erb:3:in `each'
app/views/books/index.html.erb:3:in `_app_views_books_index_html_erb__1725379454836487358_70303953429020'
Started POST "/__web_console/repl_sessions/1bff14fc912af3ca744fe630a4a1ad85/trace" for 127.0.0.1 at 2017-07-12 18:24:13 +0100
Started GET "/books" for 127.0.0.1 at 2017-07-12 18:26:09 +0100
Processing by BooksController#index as HTML
Completed 500 Internal Server Error in 135ms


  
NameError (undefined local variable or method `books' for #<BooksController:0x007fe1d801e318>
Did you mean?  @books):
  
app/controllers/books_controller.rb:7:in `index'
Started GET "/books" for 127.0.0.1 at 2017-07-12 18:26:51 +0100
Processing by BooksController#index as HTML
Completed 500 Internal Server Error in 135ms


  
NameError (undefined local variable or method `books' for #<BooksController:0x007fe1d73532a0>
Did you mean?  @books):
  
app/controllers/books_controller.rb:7:in `index'
Started GET "/books" for 127.0.0.1 at 2017-07-12 18:27:09 +0100
Processing by BooksController#index as HTML
  [1m[36mBook Load (0.1ms)[0m  [1m[34mSELECT "books".* FROM "books"[0m
  Rendering books/index.html.erb within layouts/application
  Rendered books/index.html.erb within layouts/application (6.5ms)
Completed 500 Internal Server Error in 21ms (ActiveRecord: 0.9ms)


  
ActionView::Template::Error (undefined method `title' for "BFG":String
Did you mean?  titleize):
    1: <h1> Index <h1>
    2: 
    3: <% @books.each do |book| %>
    4: 	<p><%= book.title %></p>
    5: 	<p><%= book.author %></p>
    6: 	<p><%= book.isbn %></p>
    7: 
  
app/views/books/index.html.erb:4:in `block in _app_views_books_index_html_erb__1725379454836487358_70303953850180'
app/views/books/index.html.erb:3:in `each'
app/views/books/index.html.erb:3:in `_app_views_books_index_html_erb__1725379454836487358_70303953850180'
Started GET "/books" for 127.0.0.1 at 2017-07-12 18:31:42 +0100
Processing by BooksController#index as HTML
  [1m[36mBook Load (0.2ms)[0m  [1m[34mSELECT "books".* FROM "books"[0m
  Rendering books/index.html.erb within layouts/application
  Rendered books/index.html.erb within layouts/application (5.0ms)
Completed 500 Internal Server Error in 11ms (ActiveRecord: 0.2ms)


  
ActionView::Template::Error (undefined method `title' for "BFG":String
Did you mean?  titleize):
    1: <h1> Index <h1>
    2: 
    3: <% @books.each do |book| %>
    4: 	<p><%= book.title %></p>
    5: 	
    6: <% end %>
  
app/views/books/index.html.erb:4:in `block in _app_views_books_index_html_erb__1725379454836487358_70303958087940'
app/views/books/index.html.erb:3:in `each'
app/views/books/index.html.erb:3:in `_app_views_books_index_html_erb__1725379454836487358_70303958087940'
Started GET "/books" for 127.0.0.1 at 2017-07-12 18:33:11 +0100
Processing by BooksController#index as HTML
  Rendering books/index.html.erb within layouts/application
  [1m[36mBook Load (0.1ms)[0m  [1m[34mSELECT "books".* FROM "books"[0m
  Rendered books/index.html.erb within layouts/application (8.8ms)
Completed 200 OK in 594ms (Views: 590.6ms | ActiveRecord: 0.9ms)


Started GET "/books" for 127.0.0.1 at 2017-07-12 18:40:57 +0100
  [1m[35m (0.2ms)[0m  [1m[34mSELECT "schema_migrations"."version" FROM "schema_migrations" ORDER BY "schema_migrations"."version" ASC[0m
Processing by BooksController#index as HTML
  Rendering books/index.html.erb within layouts/application
  [1m[36mBook Load (0.2ms)[0m  [1m[34mSELECT "books".* FROM "books"[0m
  Rendered books/index.html.erb within layouts/application (12.3ms)
Completed 200 OK in 242ms (Views: 229.3ms | ActiveRecord: 1.1ms)


Started GET "/books" for 127.0.0.1 at 2017-07-12 18:42:26 +0100
Processing by BooksController#index as HTML
Completed 500 Internal Server Error in 4ms


  
NoMethodError (undefined method `title=' for nil:NilClass):
  
app/controllers/books_controller.rb:5:in `index'
